<?xml version="1.0" encoding="UTF-8"?>
<!-- Generated by org.testng.reporters.JUnitXMLReporter -->
<testsuite hostname="pl1inpun1296nb" ignored="0" name="Default test" tests="4" failures="0" timestamp="2019-11-27T10:26:02 IST" time="48.211" errors="0">
  <testcase name="VerifyTitle" time="1.346" classname="seleniumtest.VerifyTitleTestusingClass"/>
  <testcase name="Verifyurl" time="0.24" classname="seleniumtest.VerifyTitleTestusingClass"/>
  <testcase name="VerifyTitle" time="0.094" classname="seleniumtest.VerifyTitleTest"/>
  <testcase name="Verifyurl" time="1.471" classname="seleniumtest.VerifyTitleTest"/>
</testsuite> <!-- Default test -->
