<?xml version="1.0" encoding="UTF-8"?>
<testng-results skipped="0" failed="0" ignored="0" total="4" passed="4">
  <reporter-output>
  </reporter-output>
  <suite name="Default suite" duration-ms="48211" started-at="2019-11-27T10:25:14 IST" finished-at="2019-11-27T10:26:02 IST">
    <groups>
    </groups>
    <test name="Default test" duration-ms="48211" started-at="2019-11-27T10:25:14 IST" finished-at="2019-11-27T10:26:02 IST">
      <class name="seleniumtest.VerifyTitleTestusingClass">
        <test-method status="PASS" signature="launch()[pri:0, instance:seleniumtest.VerifyTitleTestusingClass@5f9d02cb]" name="launch" is-config="true" duration-ms="15750" started-at="2019-11-27T10:25:14 IST" finished-at="2019-11-27T10:25:30 IST">
          <reporter-output>
          </reporter-output>
        </test-method> <!-- launch -->
        <test-method status="PASS" signature="VerifyTitle()[pri:0, instance:seleniumtest.VerifyTitleTestusingClass@5f9d02cb]" name="VerifyTitle" duration-ms="1346" started-at="2019-11-27T10:25:30 IST" finished-at="2019-11-27T10:25:31 IST">
          <reporter-output>
          </reporter-output>
        </test-method> <!-- VerifyTitle -->
        <test-method status="PASS" signature="Verifyurl()[pri:0, instance:seleniumtest.VerifyTitleTestusingClass@5f9d02cb]" name="Verifyurl" duration-ms="240" started-at="2019-11-27T10:25:31 IST" finished-at="2019-11-27T10:25:32 IST">
          <reporter-output>
          </reporter-output>
        </test-method> <!-- Verifyurl -->
        <test-method status="PASS" signature="close()[pri:0, instance:seleniumtest.VerifyTitleTestusingClass@5f9d02cb]" name="close" is-config="true" duration-ms="421" started-at="2019-11-27T10:25:32 IST" finished-at="2019-11-27T10:25:32 IST">
          <reporter-output>
          </reporter-output>
        </test-method> <!-- close -->
      </class> <!-- seleniumtest.VerifyTitleTestusingClass -->
      <class name="seleniumtest.VerifyTitleTest">
        <test-method status="PASS" signature="launch()[pri:0, instance:seleniumtest.VerifyTitleTest@63753b6d]" name="launch" is-config="true" duration-ms="12656" started-at="2019-11-27T10:25:32 IST" finished-at="2019-11-27T10:25:45 IST">
          <reporter-output>
          </reporter-output>
        </test-method> <!-- launch -->
        <test-method status="PASS" signature="VerifyTitle()[pri:0, instance:seleniumtest.VerifyTitleTest@63753b6d]" name="VerifyTitle" duration-ms="94" started-at="2019-11-27T10:25:45 IST" finished-at="2019-11-27T10:25:45 IST">
          <reporter-output>
          </reporter-output>
        </test-method> <!-- VerifyTitle -->
        <test-method status="PASS" signature="close()[pri:0, instance:seleniumtest.VerifyTitleTest@63753b6d]" name="close" is-config="true" duration-ms="2144" started-at="2019-11-27T10:25:45 IST" finished-at="2019-11-27T10:25:47 IST">
          <reporter-output>
          </reporter-output>
        </test-method> <!-- close -->
        <test-method status="PASS" signature="launch()[pri:0, instance:seleniumtest.VerifyTitleTest@63753b6d]" name="launch" is-config="true" duration-ms="11818" started-at="2019-11-27T10:25:47 IST" finished-at="2019-11-27T10:25:59 IST">
          <reporter-output>
          </reporter-output>
        </test-method> <!-- launch -->
        <test-method status="PASS" signature="Verifyurl()[pri:0, instance:seleniumtest.VerifyTitleTest@63753b6d]" name="Verifyurl" duration-ms="1471" started-at="2019-11-27T10:25:59 IST" finished-at="2019-11-27T10:26:00 IST">
          <reporter-output>
          </reporter-output>
        </test-method> <!-- Verifyurl -->
        <test-method status="PASS" signature="close()[pri:0, instance:seleniumtest.VerifyTitleTest@63753b6d]" name="close" is-config="true" duration-ms="2184" started-at="2019-11-27T10:26:00 IST" finished-at="2019-11-27T10:26:02 IST">
          <reporter-output>
          </reporter-output>
        </test-method> <!-- close -->
      </class> <!-- seleniumtest.VerifyTitleTest -->
    </test> <!-- Default test -->
  </suite> <!-- Default suite -->
</testng-results>
